0 0.206477 -0.179737 0.142221 0.384374 0.805003 0.207894 -0.401257
1 0.20436 -0.244438 0.0212446 -0.545381 -0.589719 -0.148131 0.57693
2 0.129261 -0.289318 -0.0709939 -0.637943 -0.335724 -0.0698016 0.689526
3 -0.0050235 -0.308923 -0.106566 -0.675071 -0.019658 0.0168966 0.737297
4 -0.12173 -0.291435 -0.0769479 -0.640147 0.255874 0.0944835 0.718201
5 -0.204166 -0.239713 0.0279939 -0.545204 0.544241 0.168816 0.614862
6 -0.205306 -0.181399 0.146663 -0.399888 0.757978 0.22674 0.462761
7 -0.119744 -0.130872 0.243861 -0.204715 0.908336 0.261028 0.254719
8 0.01024 -0.113583 0.278433 -0.00123427 0.962423 0.270018 0.0288088
9 0.139214 -0.136054 0.233508 0.213512 0.921648 0.250475 -0.205521
10 0.304032 0.1376 0.0107662 -0.0930512 -0.797367 0.222509 0.553206
11 0.178504 -0.027521 -0.304517 -0.169458 -0.32816 0.0849468 0.925407
12 -0.182464 -0.0453659 -0.265178 -0.160648 0.2777 -0.084612 0.943353
13 -0.27841 0.112751 0.0417999 -0.0967463 0.761909 -0.228703 0.598188
14 0.016393 0.19924 0.210234 0.00393134 0.956685 -0.290366 0.0206301
15 -0.287167 -0.125205 -0.088173 0.60619 0.231694 0.7523 0.113563
16 -0.00131929 -0.206973 -0.264134 0.0454887 0.286205 0.95524 0.0594427
17 0.292725 -0.0941434 -0.0652588 -0.546264 0.235742 0.798711 -0.089904
18 0.158209 0.0604257 0.230603 0.924953 -0.0973576 -0.329829 0.161853
19 -0.187903 0.0461788 0.215267 0.946643 0.0889847 0.259383 0.16932
20 -0.197968 0.191344 -0.183815 0.490787 -0.216279 0.734781 0.415269
21 -0.103613 0.144141 -0.281176 0.253163 -0.257069 0.91176 0.19626
22 -0.00012478 0.129451 -0.30851 0.0602714 -0.263264 0.962599 0.0214874
23 0.120992 0.149972 -0.269209 -0.18918 -0.24703 0.92931 -0.198923
24 0.190073 0.192695 -0.178937 -0.409268 -0.19643 0.800748 -0.390791
25 0.186863 0.247329 -0.0726385 0.580785 0.141159 -0.592135 0.540498
26 0.114606 0.289314 0.0120075 0.696088 0.0707792 -0.3326 0.63232
27 0.00118213 0.306152 0.0433745 0.742248 -0.0118821 -0.039789 0.668837
28 -0.123353 0.286894 0.00767263 0.715562 -0.0933676 0.277141 0.634387
29 -0.197779 0.240537 -0.0919611 0.611975 -0.170376 0.55895 0.532948
30 0.205627 -0.297466 0.0817253 -0.23883 0.784616 0.549604 -0.158975
31 0.0240447 -0.363928 -0.0776392 0.300371 0.614122 0.607957 -0.403758
32 -0.192614 -0.303499 0.0382173 0.728171 0.221707 0.438587 -0.47776
33 -0.124275 -0.196697 0.249829 0.879263 -0.253684 0.0961283 -0.391536
34 0.0988877 -0.182796 0.293997 0.683377 -0.673663 -0.25957 -0.108615
35 0.347778 -0.0433939 -0.0734575 0.250586 -0.574578 -0.476616 0.616364
36 0.0472693 -0.162264 -0.334389 -0.187268 -0.200347 -0.659559 0.699838
37 -0.307764 -0.0683357 -0.174838 -0.523246 0.256255 -0.626906 0.517238
38 -0.200501 0.148526 0.219751 0.690573 -0.64107 0.334054 -0.0233685
39 0.161804 0.109661 0.263411 -0.595212 0.737096 0.102435 -0.30318
40 -0.235426 -0.0749727 -0.241091 0.124521 0.347375 0.580239 0.726049
41 0.163839 -0.141038 -0.278684 -0.361468 -0.0274081 0.721888 0.589464
42 0.328638 -0.0316546 0.0290587 0.677422 0.387094 -0.529501 -0.332996
43 0.0235716 0.100607 0.291774 0.729395 0.664492 -0.109035 0.120598
44 -0.288953 0.111326 0.0821109 0.518373 0.594765 0.213292 0.576238
