0 0.136435 0.187257 -0.160338 0.307017 -0.412153 0.340175 0.787497
1 0.191661 0.185312 -0.0376009 0.469824 -0.543254 0.0865994 0.690392
2 0.227232 0.122237 0.0378693 0.559592 -0.593784 -0.126252 0.564214
3 0.244715 -0.022097 0.0695304 0.608913 -0.599153 -0.418247 0.308724
4 0.227955 -0.120283 0.0226694 -0.581302 0.539946 0.600838 -0.0976716
5 0.177276 -0.191693 -0.0607657 -0.504281 0.43553 0.725632 0.171677
6 0.138093 -0.181712 -0.156942 -0.404703 0.286159 0.786174 0.369133
7 0.0959767 -0.117632 -0.23725 -0.248791 0.12959 0.789331 0.546137
8 0.079926 0.0208759 -0.27223 -0.0242135 -0.101787 0.684246 0.721706
9 0.101462 0.100719 -0.24092 0.111279 -0.254166 0.543906 0.791949
12 0.00129441 -0.245633 0.0781789 0.645694 -0.494052 -0.30876 -0.493617
13 0.0451734 -0.261342 -0.00863325 -0.634618 0.281315 0.354111 0.626679
14 0.212945 -0.128632 -0.106879 -0.441322 -0.303485 0.381563 0.753353
15 0.252787 0.0479695 0.0305871 -0.0651137 -0.765644 0.24775 0.590058
16 0.123017 0.0281113 0.204769 -0.327905 0.920737 -0.0263887 -0.209821
17 -0.000940027 -0.165922 0.171959 -0.595609 0.714175 0.223551 0.29194
18 0.0441094 -0.255666 0.00358245 -0.63953 0.317794 0.36023 0.600202
19 0.0577733 0.0486259 0.229533 0.890567 -0.446191 -0.0438844 0.0766691
20 0.150838 -0.0480487 0.192007 0.914852 -0.25295 -0.307357 -0.0677823
21 0.263858 -0.0448215 0.0182381 0.729564 0.111655 -0.6244 -0.255723
22 0.200245 0.154624 -0.11704 -0.195775 -0.494283 0.747178 0.39885
23 0.039222 0.264128 0.00827293 -0.353757 0.649427 -0.575764 -0.348706
24 0.00287263 0.148411 0.200973 0.772856 -0.573527 0.192009 0.192074
25 -0.0383225 0.258048 0.0366463 0.795897 -0.155161 0.218226 0.543002
26 0.0954423 0.231675 0.0686771 0.83759 -0.126555 -0.144904 0.511302
27 0.236276 0.121037 -0.0511661 0.678965 -0.0438603 -0.661279 0.315901
28 0.143021 0.0407943 -0.244621 -0.267572 -0.027724 0.963111 0.00733876
29 -0.070351 0.118972 -0.249824 0.239469 -0.125714 0.906354 0.324612
30 -0.115051 0.234799 -0.0637122 0.658202 -0.165441 0.520785 0.517863
31 -0.140573 0.132757 -0.205191 0.411815 0.169126 0.344776 0.826399
32 -0.0457272 0.187594 -0.205146 0.440748 0.0447358 0.0977992 0.891165
33 0.136796 0.138488 -0.204358 0.406822 -0.177267 -0.344767 0.827168
34 0.159767 -0.110632 -0.198245 -0.207553 0.406769 0.791373 -0.406435
35 -0.0494193 -0.185391 -0.206011 0.0686747 0.435236 0.888111 0.130813
36 -0.1859 -0.00222481 -0.210031 0.299525 0.310982 0.61777 0.657218
37 -0.120453 -0.163189 -0.194397 -0.138859 0.385618 0.389974 0.824583
38 -0.0665966 -0.124521 -0.246197 -0.142112 0.19796 0.270852 0.931265
39 0.128917 -0.0553192 -0.247585 -0.0539823 -0.264398 0.00515077 0.962888
40 0.238731 -0.117615 -0.0516902 0.0605233 -0.689859 -0.326052 0.643523
41 0.0666318 -0.239381 0.0694322 -0.128101 0.840601 0.524342 -0.0452239
42 -0.118998 -0.228451 -0.071371 -0.160603 0.628657 0.504045 0.570031
43 0.154724 -0.113319 0.162548 0.784716 0.438038 -0.2104 -0.384807
44 0.189476 0.0129947 0.161834 0.601578 0.668986 -0.3306 -0.285069
45 0.0769484 0.173256 0.158157 0.170796 0.878272 -0.439332 -0.0803375
46 -0.053825 0.177467 0.154503 -0.140714 0.879731 -0.446692 0.0820981
47 -0.0591272 -0.173926 0.156463 0.882079 -0.139604 0.0758749 -0.443498
48 0.0822116 -0.165854 0.159114 0.869443 0.215543 -0.0923476 -0.434835
49 0.182224 -0.0508168 0.161049 0.712677 0.545926 -0.265853 -0.351254
51 0.133423 -0.186377 0.111442 0.419723 0.763673 0.154566 -0.465559
52 0.0554257 -0.109408 0.212879 0.274642 0.938188 0.12216 -0.171613
53 -0.00824511 -0.0813553 0.228198 0.180689 0.977987 0.103179 -0.0157138
54 -0.16439 -0.194655 -0.0925022 -0.455688 0.345352 -0.0995492 0.814353
55 -0.0520838 -0.242809 -0.118998 -0.521433 0.0259524 -0.140275 0.841283
56 0.0317202 -0.257005 -0.0866309 -0.542556 -0.222021 -0.162478 0.793688
57 0.127149 -0.228703 0.0230879 -0.495373 -0.57251 -0.167335 0.631535
59 0.0113208 -0.218266 -0.17271 -0.274791 -0.404054 -0.633301 0.600134
60 -0.0384159 -0.258955 -0.0541386 0.353368 0.593694 0.645407 -0.325742
61 -0.105297 -0.236441 0.0235031 0.37975 0.701839 0.598133 -0.0738241
62 -0.223501 0.0761534 -0.150514 0.175599 0.484004 -0.0844462 0.853097
63 -0.12467 0.0294327 -0.253895 0.0241277 0.227715 -0.321663 0.918747
64 -0.0726214 -0.0301124 -0.274843 -0.0674899 0.0710988 -0.439239 0.893006
65 -0.0102768 -0.1357 -0.248239 -0.188091 -0.18425 -0.5718 0.776993
66 -0.00196626 -0.22339 -0.162074 -0.289381 -0.411448 -0.645795 0.574384
